c:\users\neo\desktop\7z1604-src\cpp\7zip\bundles\format7zf\debug\format7z.pch
c:\users\neo\desktop\7z1604-src\cpp\7zip\bundles\format7zf\debug\vc120.pdb
c:\users\neo\desktop\7z1604-src\cpp\7zip\bundles\format7zf\debug\vc120.idb
c:\users\neo\desktop\7z1604-src\cpp\7zip\bundles\format7zf\debug\stdafx.obj
c:\users\neo\desktop\7z1604-src\cpp\7zip\bundles\format7zf\debug\rpmhandler.obj
c:\users\neo\desktop\7z1604-src\cpp\7zip\bundles\format7zf\debug\splithandler.obj
c:\users\neo\desktop\7z1604-src\cpp\7zip\bundles\format7zf\debug\squashfshandler.obj
c:\users\neo\desktop\7z1604-src\cpp\7zip\bundles\format7zf\debug\swfhandler.obj
c:\users\neo\desktop\7z1604-src\cpp\7zip\bundles\format7zf\debug\uefihandler.obj
c:\users\neo\desktop\7z1604-src\cpp\7zip\bundles\format7zf\debug\vdihandler.obj
c:\users\neo\desktop\7z1604-src\cpp\7zip\bundles\format7zf\debug\vhdhandler.obj
c:\users\neo\desktop\7z1604-src\cpp\7zip\bundles\format7zf\debug\vmdkhandler.obj
c:\users\neo\desktop\7z1604-src\cpp\7zip\bundles\format7zf\debug\xarhandler.obj
c:\users\neo\desktop\7z1604-src\cpp\7zip\bundles\format7zf\debug\xzhandler.obj
c:\users\neo\desktop\7z1604-src\cpp\7zip\bundles\format7zf\debug\zhandler.obj
c:\users\neo\desktop\7z1604-src\cpp\7zip\bundles\format7zf\debug\filedir.obj
c:\users\neo\desktop\7z1604-src\cpp\7zip\bundles\format7zf\debug\filefind.obj
c:\users\neo\desktop\7z1604-src\cpp\7zip\bundles\format7zf\debug\fileio.obj
c:\users\neo\desktop\7z1604-src\cpp\7zip\bundles\format7zf\debug\filename.obj
c:\users\neo\desktop\7z1604-src\cpp\7zip\bundles\format7zf\debug\propvariant.obj
c:\users\neo\desktop\7z1604-src\cpp\7zip\bundles\format7zf\debug\propvariantutils.obj
c:\users\neo\desktop\7z1604-src\cpp\7zip\bundles\format7zf\debug\synchronization.obj
c:\users\neo\desktop\7z1604-src\cpp\7zip\bundles\format7zf\debug\system.obj
c:\users\neo\desktop\7z1604-src\cpp\7zip\bundles\format7zf\debug\timeutils.obj
c:\users\neo\desktop\7z1604-src\cpp\7zip\bundles\format7zf\debug\dmghandler.obj
c:\users\neo\desktop\7z1604-src\cpp\7zip\bundles\format7zf\debug\elfhandler.obj
c:\users\neo\desktop\7z1604-src\cpp\7zip\bundles\format7zf\debug\exthandler.obj
c:\users\neo\desktop\7z1604-src\cpp\7zip\bundles\format7zf\debug\fathandler.obj
c:\users\neo\desktop\7z1604-src\cpp\7zip\bundles\format7zf\debug\flvhandler.obj
c:\users\neo\desktop\7z1604-src\cpp\7zip\bundles\format7zf\debug\gpthandler.obj
c:\users\neo\desktop\7z1604-src\cpp\7zip\bundles\format7zf\debug\gzhandler.obj
c:\users\neo\desktop\7z1604-src\cpp\7zip\bundles\format7zf\debug\handlercont.obj
c:\users\neo\desktop\7z1604-src\cpp\7zip\bundles\format7zf\debug\hfshandler.obj
c:\users\neo\desktop\7z1604-src\cpp\7zip\bundles\format7zf\debug\ihexhandler.obj
c:\users\neo\desktop\7z1604-src\cpp\7zip\bundles\format7zf\debug\lzhhandler.obj
c:\users\neo\desktop\7z1604-src\cpp\7zip\bundles\format7zf\debug\lzmahandler.obj
c:\users\neo\desktop\7z1604-src\cpp\7zip\bundles\format7zf\debug\machohandler.obj
c:\users\neo\desktop\7z1604-src\cpp\7zip\bundles\format7zf\debug\mbrhandler.obj
c:\users\neo\desktop\7z1604-src\cpp\7zip\bundles\format7zf\debug\mslzhandler.obj
c:\users\neo\desktop\7z1604-src\cpp\7zip\bundles\format7zf\debug\mubhandler.obj
c:\users\neo\desktop\7z1604-src\cpp\7zip\bundles\format7zf\debug\ntfshandler.obj
c:\users\neo\desktop\7z1604-src\cpp\7zip\bundles\format7zf\debug\pehandler.obj
c:\users\neo\desktop\7z1604-src\cpp\7zip\bundles\format7zf\debug\ppmdhandler.obj
c:\users\neo\desktop\7z1604-src\cpp\7zip\bundles\format7zf\debug\qcowhandler.obj
c:\users\neo\desktop\7z1604-src\cpp\7zip\bundles\format7zf\debug\ziphandlerout.obj
c:\users\neo\desktop\7z1604-src\cpp\7zip\bundles\format7zf\debug\zipin.obj
c:\users\neo\desktop\7z1604-src\cpp\7zip\bundles\format7zf\debug\zipitem.obj
c:\users\neo\desktop\7z1604-src\cpp\7zip\bundles\format7zf\debug\zipout.obj
c:\users\neo\desktop\7z1604-src\cpp\7zip\bundles\format7zf\debug\zipregister.obj
c:\users\neo\desktop\7z1604-src\cpp\7zip\bundles\format7zf\debug\zipupdate.obj
c:\users\neo\desktop\7z1604-src\cpp\7zip\bundles\format7zf\debug\wimhandler.obj
c:\users\neo\desktop\7z1604-src\cpp\7zip\bundles\format7zf\debug\wimhandlerout.obj
c:\users\neo\desktop\7z1604-src\cpp\7zip\bundles\format7zf\debug\wimin.obj
c:\users\neo\desktop\7z1604-src\cpp\7zip\bundles\format7zf\debug\wimregister.obj
c:\users\neo\desktop\7z1604-src\cpp\7zip\bundles\format7zf\debug\udfhandler.obj
c:\users\neo\desktop\7z1604-src\cpp\7zip\bundles\format7zf\debug\udfin.obj
c:\users\neo\desktop\7z1604-src\cpp\7zip\bundles\format7zf\debug\apmhandler.obj
c:\users\neo\desktop\7z1604-src\cpp\7zip\bundles\format7zf\debug\arhandler.obj
c:\users\neo\desktop\7z1604-src\cpp\7zip\bundles\format7zf\debug\arjhandler.obj
c:\users\neo\desktop\7z1604-src\cpp\7zip\bundles\format7zf\debug\bz2handler.obj
c:\users\neo\desktop\7z1604-src\cpp\7zip\bundles\format7zf\debug\comhandler.obj
c:\users\neo\desktop\7z1604-src\cpp\7zip\bundles\format7zf\debug\cpiohandler.obj
c:\users\neo\desktop\7z1604-src\cpp\7zip\bundles\format7zf\debug\cramfshandler.obj
c:\users\neo\desktop\7z1604-src\cpp\7zip\bundles\format7zf\debug\deflateprops.obj
c:\users\neo\desktop\7z1604-src\cpp\7zip\bundles\format7zf\debug\outstreamwithcrc.obj
c:\users\neo\desktop\7z1604-src\cpp\7zip\bundles\format7zf\debug\outstreamwithsha1.obj
c:\users\neo\desktop\7z1604-src\cpp\7zip\bundles\format7zf\debug\parseproperties.obj
c:\users\neo\desktop\7z1604-src\cpp\7zip\bundles\format7zf\debug\isohandler.obj
c:\users\neo\desktop\7z1604-src\cpp\7zip\bundles\format7zf\debug\isoheader.obj
c:\users\neo\desktop\7z1604-src\cpp\7zip\bundles\format7zf\debug\isoin.obj
c:\users\neo\desktop\7z1604-src\cpp\7zip\bundles\format7zf\debug\isoregister.obj
c:\users\neo\desktop\7z1604-src\cpp\7zip\bundles\format7zf\debug\nsisdecode.obj
c:\users\neo\desktop\7z1604-src\cpp\7zip\bundles\format7zf\debug\nsishandler.obj
c:\users\neo\desktop\7z1604-src\cpp\7zip\bundles\format7zf\debug\nsisin.obj
c:\users\neo\desktop\7z1604-src\cpp\7zip\bundles\format7zf\debug\nsisregister.obj
c:\users\neo\desktop\7z1604-src\cpp\7zip\bundles\format7zf\debug\tarhandler.obj
c:\users\neo\desktop\7z1604-src\cpp\7zip\bundles\format7zf\debug\tarhandlerout.obj
c:\users\neo\desktop\7z1604-src\cpp\7zip\bundles\format7zf\debug\tarheader.obj
c:\users\neo\desktop\7z1604-src\cpp\7zip\bundles\format7zf\debug\tarin.obj
c:\users\neo\desktop\7z1604-src\cpp\7zip\bundles\format7zf\debug\tarout.obj
c:\users\neo\desktop\7z1604-src\cpp\7zip\bundles\format7zf\debug\tarregister.obj
c:\users\neo\desktop\7z1604-src\cpp\7zip\bundles\format7zf\debug\tarupdate.obj
c:\users\neo\desktop\7z1604-src\cpp\7zip\bundles\format7zf\debug\zipaddcommon.obj
c:\users\neo\desktop\7z1604-src\cpp\7zip\bundles\format7zf\debug\ziphandler.obj
c:\users\neo\desktop\7z1604-src\cpp\7zip\bundles\format7zf\debug\7zproperties.obj
c:\users\neo\desktop\7z1604-src\cpp\7zip\bundles\format7zf\debug\7zregister.obj
c:\users\neo\desktop\7z1604-src\cpp\7zip\bundles\format7zf\debug\7zspecstream.obj
c:\users\neo\desktop\7z1604-src\cpp\7zip\bundles\format7zf\debug\7zupdate.obj
c:\users\neo\desktop\7z1604-src\cpp\7zip\bundles\format7zf\debug\rar5handler.obj
c:\users\neo\desktop\7z1604-src\cpp\7zip\bundles\format7zf\debug\rarhandler.obj
c:\users\neo\desktop\7z1604-src\cpp\7zip\bundles\format7zf\debug\cabblockinstream.obj
c:\users\neo\desktop\7z1604-src\cpp\7zip\bundles\format7zf\debug\cabhandler.obj
c:\users\neo\desktop\7z1604-src\cpp\7zip\bundles\format7zf\debug\cabheader.obj
c:\users\neo\desktop\7z1604-src\cpp\7zip\bundles\format7zf\debug\cabin.obj
c:\users\neo\desktop\7z1604-src\cpp\7zip\bundles\format7zf\debug\cabregister.obj
c:\users\neo\desktop\7z1604-src\cpp\7zip\bundles\format7zf\debug\chmhandler.obj
c:\users\neo\desktop\7z1604-src\cpp\7zip\bundles\format7zf\debug\chmin.obj
c:\users\neo\desktop\7z1604-src\cpp\7zip\bundles\format7zf\debug\codermixer2.obj
c:\users\neo\desktop\7z1604-src\cpp\7zip\bundles\format7zf\debug\dummyoutstream.obj
c:\users\neo\desktop\7z1604-src\cpp\7zip\bundles\format7zf\debug\findsignature.obj
c:\users\neo\desktop\7z1604-src\cpp\7zip\bundles\format7zf\debug\handlerout.obj
c:\users\neo\desktop\7z1604-src\cpp\7zip\bundles\format7zf\debug\instreamwithcrc.obj
c:\users\neo\desktop\7z1604-src\cpp\7zip\bundles\format7zf\debug\itemnameutils.obj
c:\users\neo\desktop\7z1604-src\cpp\7zip\bundles\format7zf\debug\multistream.obj
c:\users\neo\desktop\7z1604-src\cpp\7zip\bundles\format7zf\debug\outbuffer.obj
c:\users\neo\desktop\7z1604-src\cpp\7zip\bundles\format7zf\debug\outmemstream.obj
c:\users\neo\desktop\7z1604-src\cpp\7zip\bundles\format7zf\debug\progressmt.obj
c:\users\neo\desktop\7z1604-src\cpp\7zip\bundles\format7zf\debug\progressutils.obj
c:\users\neo\desktop\7z1604-src\cpp\7zip\bundles\format7zf\debug\propid.obj
c:\users\neo\desktop\7z1604-src\cpp\7zip\bundles\format7zf\debug\streambinder.obj
c:\users\neo\desktop\7z1604-src\cpp\7zip\bundles\format7zf\debug\streamobjects.obj
c:\users\neo\desktop\7z1604-src\cpp\7zip\bundles\format7zf\debug\streamutils.obj
c:\users\neo\desktop\7z1604-src\cpp\7zip\bundles\format7zf\debug\uniqblocks.obj
c:\users\neo\desktop\7z1604-src\cpp\7zip\bundles\format7zf\debug\virtthread.obj
c:\users\neo\desktop\7z1604-src\cpp\7zip\bundles\format7zf\debug\7zcompressionmode.obj
c:\users\neo\desktop\7z1604-src\cpp\7zip\bundles\format7zf\debug\7zdecode.obj
c:\users\neo\desktop\7z1604-src\cpp\7zip\bundles\format7zf\debug\7zencode.obj
c:\users\neo\desktop\7z1604-src\cpp\7zip\bundles\format7zf\debug\7zextract.obj
c:\users\neo\desktop\7z1604-src\cpp\7zip\bundles\format7zf\debug\7zfolderinstream.obj
c:\users\neo\desktop\7z1604-src\cpp\7zip\bundles\format7zf\debug\7zhandler.obj
c:\users\neo\desktop\7z1604-src\cpp\7zip\bundles\format7zf\debug\7zhandlerout.obj
c:\users\neo\desktop\7z1604-src\cpp\7zip\bundles\format7zf\debug\7zheader.obj
c:\users\neo\desktop\7z1604-src\cpp\7zip\bundles\format7zf\debug\7zin.obj
c:\users\neo\desktop\7z1604-src\cpp\7zip\bundles\format7zf\debug\7zout.obj
c:\users\neo\desktop\7z1604-src\cpp\7zip\bundles\format7zf\debug\myaes.obj
c:\users\neo\desktop\7z1604-src\cpp\7zip\bundles\format7zf\debug\myaesreg.obj
c:\users\neo\desktop\7z1604-src\cpp\7zip\bundles\format7zf\debug\pbkdf2hmacsha1.obj
c:\users\neo\desktop\7z1604-src\cpp\7zip\bundles\format7zf\debug\randgen.obj
c:\users\neo\desktop\7z1604-src\cpp\7zip\bundles\format7zf\debug\rar20crypto.obj
c:\users\neo\desktop\7z1604-src\cpp\7zip\bundles\format7zf\debug\rar5aes.obj
c:\users\neo\desktop\7z1604-src\cpp\7zip\bundles\format7zf\debug\raraes.obj
c:\users\neo\desktop\7z1604-src\cpp\7zip\bundles\format7zf\debug\wzaes.obj
c:\users\neo\desktop\7z1604-src\cpp\7zip\bundles\format7zf\debug\zipcrypto.obj
c:\users\neo\desktop\7z1604-src\cpp\7zip\bundles\format7zf\debug\zipstrong.obj
c:\users\neo\desktop\7z1604-src\cpp\7zip\bundles\format7zf\debug\createcoder.obj
c:\users\neo\desktop\7z1604-src\cpp\7zip\bundles\format7zf\debug\cwrappers.obj
c:\users\neo\desktop\7z1604-src\cpp\7zip\bundles\format7zf\debug\filtercoder.obj
c:\users\neo\desktop\7z1604-src\cpp\7zip\bundles\format7zf\debug\inbuffer.obj
c:\users\neo\desktop\7z1604-src\cpp\7zip\bundles\format7zf\debug\inouttempbuffer.obj
c:\users\neo\desktop\7z1604-src\cpp\7zip\bundles\format7zf\debug\limitedstreams.obj
c:\users\neo\desktop\7z1604-src\cpp\7zip\bundles\format7zf\debug\memblocks.obj
c:\users\neo\desktop\7z1604-src\cpp\7zip\bundles\format7zf\debug\methodid.obj
c:\users\neo\desktop\7z1604-src\cpp\7zip\bundles\format7zf\debug\methodprops.obj
c:\users\neo\desktop\7z1604-src\cpp\7zip\bundles\format7zf\debug\offsetstream.obj
c:\users\neo\desktop\7z1604-src\cpp\7zip\bundles\format7zf\debug\lzma2decoder.obj
c:\users\neo\desktop\7z1604-src\cpp\7zip\bundles\format7zf\debug\lzma2encoder.obj
c:\users\neo\desktop\7z1604-src\cpp\7zip\bundles\format7zf\debug\lzma2register.obj
c:\users\neo\desktop\7z1604-src\cpp\7zip\bundles\format7zf\debug\lzmadecoder.obj
c:\users\neo\desktop\7z1604-src\cpp\7zip\bundles\format7zf\debug\lzmaencoder.obj
c:\users\neo\desktop\7z1604-src\cpp\7zip\bundles\format7zf\debug\lzmaregister.obj
c:\users\neo\desktop\7z1604-src\cpp\7zip\bundles\format7zf\debug\ppmddecoder.obj
c:\users\neo\desktop\7z1604-src\cpp\7zip\bundles\format7zf\debug\ppmdencoder.obj
c:\users\neo\desktop\7z1604-src\cpp\7zip\bundles\format7zf\debug\ppmdregister.obj
c:\users\neo\desktop\7z1604-src\cpp\7zip\bundles\format7zf\debug\lzxdecoder.obj
c:\users\neo\desktop\7z1604-src\cpp\7zip\bundles\format7zf\debug\quantumdecoder.obj
c:\users\neo\desktop\7z1604-src\cpp\7zip\bundles\format7zf\debug\lzhdecoder.obj
c:\users\neo\desktop\7z1604-src\cpp\7zip\bundles\format7zf\debug\lzmsdecoder.obj
c:\users\neo\desktop\7z1604-src\cpp\7zip\bundles\format7zf\debug\lzoutwindow.obj
c:\users\neo\desktop\7z1604-src\cpp\7zip\bundles\format7zf\debug\xpressdecoder.obj
c:\users\neo\desktop\7z1604-src\cpp\7zip\bundles\format7zf\debug\zdecoder.obj
c:\users\neo\desktop\7z1604-src\cpp\7zip\bundles\format7zf\debug\7zaes.obj
c:\users\neo\desktop\7z1604-src\cpp\7zip\bundles\format7zf\debug\7zaesregister.obj
c:\users\neo\desktop\7z1604-src\cpp\7zip\bundles\format7zf\debug\hmacsha1.obj
c:\users\neo\desktop\7z1604-src\cpp\7zip\bundles\format7zf\debug\hmacsha256.obj
c:\users\neo\desktop\7z1604-src\cpp\7zip\bundles\format7zf\debug\deflate64register.obj
c:\users\neo\desktop\7z1604-src\cpp\7zip\bundles\format7zf\debug\deflatedecoder.obj
c:\users\neo\desktop\7z1604-src\cpp\7zip\bundles\format7zf\debug\deflateencoder.obj
c:\users\neo\desktop\7z1604-src\cpp\7zip\bundles\format7zf\debug\deflateregister.obj
c:\users\neo\desktop\7z1604-src\cpp\7zip\bundles\format7zf\debug\implodedecoder.obj
c:\users\neo\desktop\7z1604-src\cpp\7zip\bundles\format7zf\debug\implodehuffmandecoder.obj
c:\users\neo\desktop\7z1604-src\cpp\7zip\bundles\format7zf\debug\ppmdzip.obj
c:\users\neo\desktop\7z1604-src\cpp\7zip\bundles\format7zf\debug\shrinkdecoder.obj
c:\users\neo\desktop\7z1604-src\cpp\7zip\bundles\format7zf\debug\zlibdecoder.obj
c:\users\neo\desktop\7z1604-src\cpp\7zip\bundles\format7zf\debug\zlibencoder.obj
c:\users\neo\desktop\7z1604-src\cpp\7zip\bundles\format7zf\debug\bcj2coder.obj
c:\users\neo\desktop\7z1604-src\cpp\7zip\bundles\format7zf\debug\bcj2register.obj
c:\users\neo\desktop\7z1604-src\cpp\7zip\bundles\format7zf\debug\bcjcoder.obj
c:\users\neo\desktop\7z1604-src\cpp\7zip\bundles\format7zf\debug\bcjregister.obj
c:\users\neo\desktop\7z1604-src\cpp\7zip\bundles\format7zf\debug\branchmisc.obj
c:\users\neo\desktop\7z1604-src\cpp\7zip\bundles\format7zf\debug\branchregister.obj
c:\users\neo\desktop\7z1604-src\cpp\7zip\bundles\format7zf\debug\byteswap.obj
c:\users\neo\desktop\7z1604-src\cpp\7zip\bundles\format7zf\debug\copycoder.obj
c:\users\neo\desktop\7z1604-src\cpp\7zip\bundles\format7zf\debug\copyregister.obj
c:\users\neo\desktop\7z1604-src\cpp\7zip\bundles\format7zf\debug\deltafilter.obj
c:\users\neo\desktop\7z1604-src\cpp\7zip\bundles\format7zf\debug\myxml.obj
c:\users\neo\desktop\7z1604-src\cpp\7zip\bundles\format7zf\debug\newhandler.obj
c:\users\neo\desktop\7z1604-src\cpp\7zip\bundles\format7zf\debug\sha1reg.obj
c:\users\neo\desktop\7z1604-src\cpp\7zip\bundles\format7zf\debug\sha256reg.obj
c:\users\neo\desktop\7z1604-src\cpp\7zip\bundles\format7zf\debug\stringconvert.obj
c:\users\neo\desktop\7z1604-src\cpp\7zip\bundles\format7zf\debug\stringtoint.obj
c:\users\neo\desktop\7z1604-src\cpp\7zip\bundles\format7zf\debug\utfconvert.obj
c:\users\neo\desktop\7z1604-src\cpp\7zip\bundles\format7zf\debug\wildcard.obj
c:\users\neo\desktop\7z1604-src\cpp\7zip\bundles\format7zf\debug\xzcrc64reg.obj
c:\users\neo\desktop\7z1604-src\cpp\7zip\bundles\format7zf\debug\bitldecoder.obj
c:\users\neo\desktop\7z1604-src\cpp\7zip\bundles\format7zf\debug\rar1decoder.obj
c:\users\neo\desktop\7z1604-src\cpp\7zip\bundles\format7zf\debug\rar2decoder.obj
c:\users\neo\desktop\7z1604-src\cpp\7zip\bundles\format7zf\debug\rar3decoder.obj
c:\users\neo\desktop\7z1604-src\cpp\7zip\bundles\format7zf\debug\rar3vm.obj
c:\users\neo\desktop\7z1604-src\cpp\7zip\bundles\format7zf\debug\rar5decoder.obj
c:\users\neo\desktop\7z1604-src\cpp\7zip\bundles\format7zf\debug\rarcodecsregister.obj
c:\users\neo\desktop\7z1604-src\cpp\7zip\bundles\format7zf\debug\bzip2crc.obj
c:\users\neo\desktop\7z1604-src\cpp\7zip\bundles\format7zf\debug\bzip2decoder.obj
c:\users\neo\desktop\7z1604-src\cpp\7zip\bundles\format7zf\debug\bzip2encoder.obj
c:\users\neo\desktop\7z1604-src\cpp\7zip\bundles\format7zf\debug\bzip2register.obj
c:\users\neo\desktop\7z1604-src\cpp\7zip\bundles\format7zf\debug\archiveexports.obj
c:\users\neo\desktop\7z1604-src\cpp\7zip\bundles\format7zf\debug\codecexports.obj
c:\users\neo\desktop\7z1604-src\cpp\7zip\bundles\format7zf\debug\dllexports2.obj
c:\users\neo\desktop\7z1604-src\cpp\7zip\bundles\format7zf\debug\crc.obj
c:\users\neo\desktop\7z1604-src\cpp\7zip\bundles\format7zf\debug\crcreg.obj
c:\users\neo\desktop\7z1604-src\cpp\7zip\bundles\format7zf\debug\dynlimbuf.obj
c:\users\neo\desktop\7z1604-src\cpp\7zip\bundles\format7zf\debug\inttostring.obj
c:\users\neo\desktop\7z1604-src\cpp\7zip\bundles\format7zf\debug\mymap.obj
c:\users\neo\desktop\7z1604-src\cpp\7zip\bundles\format7zf\debug\mystring.obj
c:\users\neo\desktop\7z1604-src\cpp\7zip\bundles\format7zf\debug\myvector.obj
c:\users\neo\desktop\7z1604-src\cpp\7zip\bundles\format7zf\debug\mywindows.obj
c:\users\neo\desktop\7z1604-src\cpp\7zip\bundles\format7zf\debug\cpuarch.obj
c:\users\neo\desktop\7z1604-src\cpp\7zip\bundles\format7zf\debug\delta.obj
c:\users\neo\desktop\7z1604-src\cpp\7zip\bundles\format7zf\debug\huffenc.obj
c:\users\neo\desktop\7z1604-src\cpp\7zip\bundles\format7zf\debug\lzfind.obj
c:\users\neo\desktop\7z1604-src\cpp\7zip\bundles\format7zf\debug\lzfindmt.obj
c:\users\neo\desktop\7z1604-src\cpp\7zip\bundles\format7zf\debug\lzma2dec.obj
c:\users\neo\desktop\7z1604-src\cpp\7zip\bundles\format7zf\debug\lzma2enc.obj
c:\users\neo\desktop\7z1604-src\cpp\7zip\bundles\format7zf\debug\lzmadec.obj
c:\users\neo\desktop\7z1604-src\cpp\7zip\bundles\format7zf\debug\lzmaenc.obj
c:\users\neo\desktop\7z1604-src\cpp\7zip\bundles\format7zf\debug\mtcoder.obj
c:\users\neo\desktop\7z1604-src\cpp\7zip\bundles\format7zf\debug\ppmd7.obj
c:\users\neo\desktop\7z1604-src\cpp\7zip\bundles\format7zf\debug\ppmd7dec.obj
c:\users\neo\desktop\7z1604-src\cpp\7zip\bundles\format7zf\debug\ppmd7enc.obj
c:\users\neo\desktop\7z1604-src\cpp\7zip\bundles\format7zf\debug\ppmd8.obj
c:\users\neo\desktop\7z1604-src\cpp\7zip\bundles\format7zf\debug\ppmd8dec.obj
c:\users\neo\desktop\7z1604-src\cpp\7zip\bundles\format7zf\debug\ppmd8enc.obj
c:\users\neo\desktop\7z1604-src\cpp\7zip\bundles\format7zf\debug\sha1.obj
c:\users\neo\desktop\7z1604-src\cpp\7zip\bundles\format7zf\debug\sha256.obj
c:\users\neo\desktop\7z1604-src\cpp\7zip\bundles\format7zf\debug\sort.obj
c:\users\neo\desktop\7z1604-src\cpp\7zip\bundles\format7zf\debug\threads.obj
c:\users\neo\desktop\7z1604-src\cpp\7zip\bundles\format7zf\debug\xz.obj
c:\users\neo\desktop\7z1604-src\cpp\7zip\bundles\format7zf\debug\xzcrc64.obj
c:\users\neo\desktop\7z1604-src\cpp\7zip\bundles\format7zf\debug\xzcrc64opt.obj
c:\users\neo\desktop\7z1604-src\cpp\7zip\bundles\format7zf\debug\xzdec.obj
c:\users\neo\desktop\7z1604-src\cpp\7zip\bundles\format7zf\debug\xzenc.obj
c:\users\neo\desktop\7z1604-src\cpp\7zip\bundles\format7zf\debug\xzin.obj
c:\users\neo\desktop\7z1604-src\cpp\7zip\bundles\format7zf\debug\7zbuf2.obj
c:\users\neo\desktop\7z1604-src\cpp\7zip\bundles\format7zf\debug\7zcrc.obj
c:\users\neo\desktop\7z1604-src\cpp\7zip\bundles\format7zf\debug\7zstream.obj
c:\users\neo\desktop\7z1604-src\cpp\7zip\bundles\format7zf\debug\aes.obj
c:\users\neo\desktop\7z1604-src\cpp\7zip\bundles\format7zf\debug\alloc.obj
c:\users\neo\desktop\7z1604-src\cpp\7zip\bundles\format7zf\debug\bcj2.obj
c:\users\neo\desktop\7z1604-src\cpp\7zip\bundles\format7zf\debug\bcj2enc.obj
c:\users\neo\desktop\7z1604-src\cpp\7zip\bundles\format7zf\debug\blake2s.obj
c:\users\neo\desktop\7z1604-src\cpp\7zip\bundles\format7zf\debug\bra.obj
c:\users\neo\desktop\7z1604-src\cpp\7zip\bundles\format7zf\debug\bra86.obj
c:\users\neo\desktop\7z1604-src\cpp\7zip\bundles\format7zf\debug\braia64.obj
c:\users\neo\desktop\7z1604-src\cpp\7zip\bundles\format7zf\debug\bwtsort.obj
c:\users\neo\desktop\7z1604-src\cpp\7zip\bundles\format7zf\debug\.obj
c:\users\neo\desktop\7z1604-src\cpp\7zip\bundles\format7zf\debug\resource.res
c:\users\neo\desktop\7z1604-src\cpp\7zip\bundles\format7zf\debug\7z.tlog\cl.command.1.tlog
c:\users\neo\desktop\7z1604-src\cpp\7zip\bundles\format7zf\debug\7z.tlog\cl.read.1.tlog
c:\users\neo\desktop\7z1604-src\cpp\7zip\bundles\format7zf\debug\7z.tlog\cl.write.1.tlog
c:\users\neo\desktop\7z1604-src\cpp\7zip\bundles\format7zf\debug\7z.tlog\custombuild.command.1.tlog
c:\users\neo\desktop\7z1604-src\cpp\7zip\bundles\format7zf\debug\7z.tlog\custombuild.read.1.tlog
c:\users\neo\desktop\7z1604-src\cpp\7zip\bundles\format7zf\debug\7z.tlog\custombuild.write.1.tlog
c:\users\neo\desktop\7z1604-src\cpp\7zip\bundles\format7zf\debug\7z.tlog\link.command.1.tlog
c:\users\neo\desktop\7z1604-src\cpp\7zip\bundles\format7zf\debug\7z.tlog\link.read.1.tlog
c:\users\neo\desktop\7z1604-src\cpp\7zip\bundles\format7zf\debug\7z.tlog\link.write.1.tlog
c:\users\neo\desktop\7z1604-src\cpp\7zip\bundles\format7zf\debug\7z.tlog\rc.command.1.tlog
c:\users\neo\desktop\7z1604-src\cpp\7zip\bundles\format7zf\debug\7z.tlog\rc.read.1.tlog
c:\users\neo\desktop\7z1604-src\cpp\7zip\bundles\format7zf\debug\7z.tlog\rc.write.1.tlog
